Log file open, 01/29/22 10:27:32
LogWindows: Failed to load 'aqProf.dll' (GetLastError=126)
LogWindows: File 'aqProf.dll' does not exist
LogWindows: Failed to load 'VtuneApi.dll' (GetLastError=126)
LogWindows: File 'VtuneApi.dll' does not exist
LogWindows: Failed to load 'VtuneApi32e.dll' (GetLastError=126)
LogWindows: File 'VtuneApi32e.dll' does not exist
LogConsoleResponse: Display: Failed to find resolution value strings in scalability ini. Falling back to default.
LogConsoleResponse: Display: Failed to find resolution value strings in scalability ini. Falling back to default.
LogInit: Display: Running engine for game: GodGloveExperiment
LogPlatformFile: Not using cached read wrapper
LogTaskGraph: Started task graph with 5 named threads and 47 total threads with 3 sets of task threads.
LogStats: Stats thread started at 0.209158
LogICUInternationalization: ICU TimeZone Detection - Raw Offset: -5:00, Platform Override: ''
LogInit: Display: Loading text-based GConfig....
LogPluginManager: Mounting plugin MeshPainting
LogPluginManager: Mounting plugin XGEController
LogPluginManager: Mounting plugin Paper2D
LogPluginManager: Mounting plugin LightPropagationVolume
LogPluginManager: Mounting plugin AISupport
LogPluginManager: Mounting plugin CameraShakePreviewer
LogPluginManager: Mounting plugin LiveLink
LogPluginManager: Mounting plugin AnimationSharing
LogPluginManager: Mounting plugin EnvironmentQueryEditor
LogPluginManager: Mounting plugin GameplayCameras
LogPluginManager: Mounting plugin CLionSourceCodeAccess
LogPluginManager: Mounting plugin CodeLiteSourceCodeAccess
LogPluginManager: Mounting plugin GitSourceControl
LogPluginManager: Mounting plugin NullSourceCodeAccess
LogPluginManager: Mounting plugin KDevelopSourceCodeAccess
LogPluginManager: Mounting plugin PerforceSourceControl
LogPluginManager: Mounting plugin PixWinPlugin
LogPluginManager: Mounting plugin PluginUtils
LogPluginManager: Mounting plugin PlasticSourceControl
LogPluginManager: Mounting plugin PropertyAccessNode
LogPluginManager: Mounting plugin RiderSourceCodeAccess
LogPluginManager: Mounting plugin SubversionSourceControl
LogPluginManager: Mounting plugin AssetManagerEditor
LogPluginManager: Mounting plugin TextureFormatOodle
LogPluginManager: Mounting plugin UObjectPlugin
LogPluginManager: Mounting plugin VisualStudioCodeSourceCodeAccess
LogPluginManager: Mounting plugin XCodeSourceCodeAccess
LogPluginManager: Mounting plugin VisualStudioSourceCodeAccess
LogPluginManager: Mounting plugin CurveEditorTools
LogPluginManager: Mounting plugin CryptoKeys
LogPluginManager: Mounting plugin DataValidation
LogPluginManager: Mounting plugin FacialAnimation
LogPluginManager: Mounting plugin GeometryMode
LogPluginManager: Mounting plugin GameplayTagsEditor
LogPluginManager: Mounting plugin Niagara
LogPluginManager: Mounting plugin MacGraphicsSwitching
LogPluginManager: Mounting plugin MaterialAnalyzer
LogPluginManager: Mounting plugin MobileLauncherProfileWizard
LogPluginManager: Mounting plugin PluginBrowser
LogPluginManager: Mounting plugin SpeedTreeImporter
LogPluginManager: Mounting plugin DatasmithContent
LogPluginManager: Mounting plugin AlembicImporter
LogPluginManager: Mounting plugin VariantManagerContent
LogPluginManager: Mounting plugin BackChannel
LogPluginManager: Mounting plugin AutomationUtils
LogPluginManager: Mounting plugin ChaosCloth
LogPluginManager: Mounting plugin ChaosEditor
LogPluginManager: Mounting plugin ChaosClothEditor
LogPluginManager: Mounting plugin ChaosNiagara
LogPluginManager: Mounting plugin ChaosSolverPlugin
LogPluginManager: Mounting plugin CharacterAI
LogPluginManager: Mounting plugin LuminPlatformFeatures
LogPluginManager: Mounting plugin MagicLeap
LogPluginManager: Mounting plugin GeometryCache
LogPluginManager: Mounting plugin GeometryCollectionPlugin
LogPluginManager: Mounting plugin MagicLeapLightEstimation
LogPluginManager: Mounting plugin MagicLeapMedia
LogPluginManager: Mounting plugin GeometryProcessing
LogPluginManager: Mounting plugin MagicLeapPassableWorld
LogPluginManager: Mounting plugin MLSDK
LogPluginManager: Mounting plugin MotoSynth
LogPluginManager: Mounting plugin OpenImageDenoise
LogPluginManager: Mounting plugin PlanarCut
LogPluginManager: Mounting plugin ProxyLODPlugin
LogPluginManager: Mounting plugin PlatformCrypto
LogPluginManager: Mounting plugin PythonScriptPlugin
LogPluginManager: Mounting plugin AndroidMedia
LogPluginManager: Mounting plugin AvfMedia
LogPluginManager: Mounting plugin SkeletalReduction
LogPluginManager: Mounting plugin ImgMedia
LogPluginManager: Mounting plugin MediaCompositing
LogPluginManager: Mounting plugin TcpMessaging
LogPluginManager: Mounting plugin MediaPlayerEditor
LogPluginManager: Mounting plugin UdpMessaging
LogPluginManager: Mounting plugin WmfMedia
LogPluginManager: Mounting plugin WebMMedia
LogPluginManager: Mounting plugin ActorSequence
LogPluginManager: Mounting plugin OnlineSubsystem
LogPluginManager: Mounting plugin MatineeToLevelSequence
LogPluginManager: Mounting plugin LevelSequenceEditor
LogPluginManager: Mounting plugin TemplateSequence
LogPluginManager: Mounting plugin LauncherChunkInstaller
LogPluginManager: Mounting plugin OnlineSubsystemNull
LogPluginManager: Mounting plugin ActorLayerUtilities
LogPluginManager: Mounting plugin AndroidDeviceProfileSelector
LogPluginManager: Mounting plugin OnlineSubsystemUtils
LogPluginManager: Mounting plugin AndroidPermission
LogPluginManager: Mounting plugin AndroidMoviePlayer
LogPluginManager: Mounting plugin AppleImageUtils
LogPluginManager: Mounting plugin AppleMoviePlayer
LogPluginManager: Mounting plugin AssetTags
LogPluginManager: Mounting plugin ArchVisCharacter
LogPluginManager: Mounting plugin AudioSynesthesia
LogPluginManager: Mounting plugin AudioCapture
LogPluginManager: Mounting plugin CableComponent
LogPluginManager: Mounting plugin ChunkDownloader
LogPluginManager: Mounting plugin CustomMeshComponent
LogPluginManager: Mounting plugin EditableMesh
LogPluginManager: Mounting plugin ExampleDeviceProfileSelector
LogPluginManager: Mounting plugin GoogleCloudMessaging
LogPluginManager: Mounting plugin GooglePAD
LogPluginManager: Mounting plugin IOSDeviceProfileSelector
LogPluginManager: Mounting plugin LinuxDeviceProfileSelector
LogPluginManager: Mounting plugin LocationServicesBPLibrary
LogPluginManager: Mounting plugin MobilePatchingUtils
LogPluginManager: Mounting plugin OpenXR
LogPluginManager: Mounting plugin OpenXREyeTracker
LogPluginManager: Mounting plugin OpenXRHandTracking
LogPluginManager: Mounting plugin PhysXVehicles
LogPluginManager: Mounting plugin PostSplashScreen
LogPluginManager: Mounting plugin ProceduralMeshComponent
LogPluginManager: Mounting plugin PropertyAccessEditor
LogPluginManager: Mounting plugin RuntimePhysXCooking
LogPluginManager: Mounting plugin SignificanceManager
LogPluginManager: Mounting plugin SoundFields
LogPluginManager: Mounting plugin Synthesis
LogPluginManager: Mounting plugin WebMMoviePlayer
LogPluginManager: Mounting plugin WindowsMoviePlayer
LogPluginManager: Mounting plugin ScreenshotTools
LogPluginManager: Mounting plugin OodleData
LogPluginManager: Mounting plugin OodleNetwork
LogPluginManager: Mounting plugin Takes
LogPluginManager: Mounting plugin ContentBrowserAssetDataSource
LogPluginManager: Mounting plugin ContentBrowserClassDataSource
LogPluginManager: Mounting plugin ContentBrowserFileDataSource
LogPluginManager: Mounting plugin OnlineSubsystemGooglePlay
LogPluginManager: Mounting plugin OnlineSubsystemIOS
LogPluginManager: Mounting plugin OculusVR
LogPluginManager: Mounting plugin SteamVR
PixWinPlugin: PIX capture plugin failed to initialize! Check that the process is launched from PIX.
LogInit: Using libcurl 7.55.1-DEV
LogInit:  - built for x86_64-pc-win32
LogInit:  - supports SSL with OpenSSL/1.1.1
LogInit:  - supports HTTP deflate (compression) using libz 1.2.8
LogInit:  - other features:
LogInit:      CURL_VERSION_SSL
LogInit:      CURL_VERSION_LIBZ
LogInit:      CURL_VERSION_IPV6
LogInit:      CURL_VERSION_ASYNCHDNS
LogInit:      CURL_VERSION_LARGEFILE
LogInit:      CURL_VERSION_IDN
LogInit:  CurlRequestOptions (configurable via config and command line):
LogInit:  - bVerifyPeer = true  - Libcurl will verify peer certificate
LogInit:  - bUseHttpProxy = false  - Libcurl will NOT use HTTP proxy
LogInit:  - bDontReuseConnections = false  - Libcurl will reuse connections
LogInit:  - MaxHostConnections = 16  - Libcurl will limit the number of connections to a host
LogInit:  - LocalHostAddr = Default
LogInit:  - BufferSize = 65536
LogOnline: OSS: Creating online subsystem instance for: NULL
LogInit: WinSock: version 1.1 (2.2), MaxSocks=32767, MaxUdp=65467
LogOnline: OSS: TryLoadSubsystemAndSetDefault: Loaded subsystem for module [NULL]
LogOculusPluginWrapper: OculusPlugin initialized successfully
LogHMD: Failed initializing OVRPlugin 1.59.0
LogInit: Build: ++UE4+Release-4.27-CL-18319896
LogInit: Engine Version: 4.27.2-18319896+++UE4+Release-4.27
LogInit: Compatible Engine Version: 4.27.0-17155196+++UE4+Release-4.27
LogInit: Net CL: 17155196
LogInit: OS: Windows 10 (Release 2009) (), CPU: AMD Ryzen 7 3700X 8-Core Processor             , GPU: NVIDIA GeForce RTX 2080 Ti
LogInit: Compiled (64-bit): Nov 30 2021 07:12:08
LogInit: Compiled with Visual C++: 19.24.28315.00
LogInit: Build Configuration: Development
LogInit: Branch Name: ++UE4+Release-4.27
LogInit: Command Line:  /Game/_Main/Level/Demonstration -game -PIEVIACONSOLE -Multiprocess GameUserSettingsINI=D:/Applications/Development/GGJ_2022/GodGloveExperiment/Saved/Config/Windows/PIEGameUserSettings0.ini -MultiprocessSaveConfig -forcepassthrough -messaging -SessionName="Play in Standalone Game" -windowed -WinX=320 -WinY=180 SAVEWINPOS=1 -ResX=1280 -ResY=720
LogInit: Base Directory: D:/Applications/Development/UE_4.27/Engine/Binaries/Win64/
LogInit: Allocator: TBB
LogInit: Installed Engine Build: 1
LogDevObjectVersion: Number of dev versions registered: 29
LogDevObjectVersion:   Dev-Blueprints (B0D832E4-1F89-4F0D-ACCF-7EB736FD4AA2): 10
LogDevObjectVersion:   Dev-Build (E1C64328-A22C-4D53-A36C-8E866417BD8C): 0
LogDevObjectVersion:   Dev-Core (375EC13C-06E4-48FB-B500-84F0262A717E): 4
LogDevObjectVersion:   Dev-Editor (E4B068ED-F494-42E9-A231-DA0B2E46BB41): 40
LogDevObjectVersion:   Dev-Framework (CFFC743F-43B0-4480-9391-14DF171D2073): 37
LogDevObjectVersion:   Dev-Mobile (B02B49B5-BB20-44E9-A304-32B752E40360): 3
LogDevObjectVersion:   Dev-Networking (A4E4105C-59A1-49B5-A7C5-40C4547EDFEE): 0
LogDevObjectVersion:   Dev-Online (39C831C9-5AE6-47DC-9A44-9C173E1C8E7C): 0
LogDevObjectVersion:   Dev-Physics (78F01B33-EBEA-4F98-B9B4-84EACCB95AA2): 14
LogDevObjectVersion:   Dev-Platform (6631380F-2D4D-43E0-8009-CF276956A95A): 0
LogDevObjectVersion:   Dev-Rendering (12F88B9F-8875-4AFC-A67C-D90C383ABD29): 45
LogDevObjectVersion:   Dev-Sequencer (7B5AE74C-D270-4C10-A958-57980B212A5A): 13
LogDevObjectVersion:   Dev-VR (D7296918-1DD6-4BDD-9DE2-64A83CC13884): 3
LogDevObjectVersion:   Dev-LoadTimes (C2A15278-BFE7-4AFE-6C17-90FF531DF755): 1
LogDevObjectVersion:   Private-Geometry (6EACA3D4-40EC-4CC1-B786-8BED09428FC5): 3
LogDevObjectVersion:   Dev-AnimPhys (29E575DD-E0A3-4627-9D10-D276232CDCEA): 17
LogDevObjectVersion:   Dev-Anim (AF43A65D-7FD3-4947-9873-3E8ED9C1BB05): 15
LogDevObjectVersion:   Dev-ReflectionCapture (6B266CEC-1EC7-4B8F-A30B-E4D90942FC07): 1
LogDevObjectVersion:   Dev-Automation (0DF73D61-A23F-47EA-B727-89E90C41499A): 1
LogDevObjectVersion:   FortniteMain (601D1886-AC64-4F84-AA16-D3DE0DEAC7D6): 47
LogDevObjectVersion:   FortniteRelease (E7086368-6B23-4C58-8439-1B7016265E91): 1
LogDevObjectVersion:   Dev-Enterprise (9DFFBCD6-494F-0158-E221-12823C92A888): 10
LogDevObjectVersion:   Dev-Niagara (F2AED0AC-9AFE-416F-8664-AA7FFA26D6FC): 1
LogDevObjectVersion:   Dev-Destruction (174F1F0B-B4C6-45A5-B13F-2EE8D0FB917D): 10
LogDevObjectVersion:   Dev-Physics-Ext (35F94A83-E258-406C-A318-09F59610247C): 41
LogDevObjectVersion:   Dev-PhysicsMaterial-Chaos (B68FC16E-8B1B-42E2-B453-215C058844FE): 1
LogDevObjectVersion:   Dev-CineCamera (B2E18506-4273-CFC2-A54E-F4BB758BBA07): 1
LogDevObjectVersion:   Dev-VirtualProduction (64F58936-FD1B-42BA-BA96-7289D5D0FA4E): 1
LogDevObjectVersion:   Dev-MediaFramework (6F0ED827-A609-4895-9C91-998D90180EA4): 2
LogInit: Presizing for max 25165824 objects, including 0 objects not considered by GC, pre-allocating 0 bytes for permanent pool.
LogConfig: Applying CVar settings from Section [/Script/Engine.StreamingSettings] File [D:/Applications/Development/GGJ_2022/GodGloveExperiment/Saved/Config/Windows/Engine.ini]
LogConfig: Setting CVar [[s.MinBulkDataSizeForAsyncLoading:131072]]
LogConfig: Setting CVar [[s.AsyncLoadingThreadEnabled:0]]
LogConfig: Setting CVar [[s.EventDrivenLoaderEnabled:1]]
LogConfig: Setting CVar [[s.WarnIfTimeLimitExceeded:0]]
LogConfig: Setting CVar [[s.TimeLimitExceededMultiplier:1.5]]
LogConfig: Setting CVar [[s.TimeLimitExceededMinTime:0.005]]
LogConfig: Setting CVar [[s.UseBackgroundLevelStreaming:1]]
LogConfig: Setting CVar [[s.PriorityAsyncLoadingExtraTime:15.0]]
LogConfig: Setting CVar [[s.LevelStreamingActorsUpdateTimeLimit:5.0]]
LogConfig: Setting CVar [[s.PriorityLevelStreamingActorsUpdateExtraTime:5.0]]
LogConfig: Setting CVar [[s.LevelStreamingComponentsRegistrationGranularity:10]]
LogConfig: Setting CVar [[s.UnregisterComponentsTimeLimit:1.0]]
LogConfig: Setting CVar [[s.LevelStreamingComponentsUnregistrationGranularity:5]]
LogConfig: Setting CVar [[s.FlushStreamingOnExit:1]]
LogInit: Object subsystem initialized
LogConfig: Setting CVar [[con.DebugEarlyDefault:1]]
LogConfig: Setting CVar [[r.setres:1280x720]]
[2022.01.29-15.27.33:045][  0]LogConfig: Setting CVar [[con.DebugEarlyDefault:1]]
[2022.01.29-15.27.33:045][  0]LogConfig: Setting CVar [[r.setres:1280x720]]
[2022.01.29-15.27.33:045][  0]LogConfig: Applying CVar settings from Section [/Script/Engine.RendererSettings] File [D:/Applications/Development/GGJ_2022/GodGloveExperiment/Saved/Config/Windows/Engine.ini]
[2022.01.29-15.27.33:045][  0]LogConfig: Setting CVar [[r.GPUCrashDebugging:0]]
[2022.01.29-15.27.33:045][  0]LogConfig: Applying CVar settings from Section [/Script/Engine.RendererOverrideSettings] File [D:/Applications/Development/GGJ_2022/GodGloveExperiment/Saved/Config/Windows/Engine.ini]
[2022.01.29-15.27.33:045][  0]LogConfig: Applying CVar settings from Section [/Script/Engine.StreamingSettings] File [D:/Applications/Development/GGJ_2022/GodGloveExperiment/Saved/Config/Windows/Engine.ini]
[2022.01.29-15.27.33:045][  0]LogConfig: Setting CVar [[s.MinBulkDataSizeForAsyncLoading:131072]]
[2022.01.29-15.27.33:045][  0]LogConfig: Setting CVar [[s.AsyncLoadingThreadEnabled:0]]
[2022.01.29-15.27.33:045][  0]LogConfig: Setting CVar [[s.EventDrivenLoaderEnabled:1]]
[2022.01.29-15.27.33:045][  0]LogConfig: Setting CVar [[s.WarnIfTimeLimitExceeded:0]]
[2022.01.29-15.27.33:045][  0]LogConfig: Setting CVar [[s.TimeLimitExceededMultiplier:1.5]]
[2022.01.29-15.27.33:045][  0]LogConfig: Setting CVar [[s.TimeLimitExceededMinTime:0.005]]
[2022.01.29-15.27.33:045][  0]LogConfig: Setting CVar [[s.UseBackgroundLevelStreaming:1]]
[2022.01.29-15.27.33:045][  0]LogConfig: Setting CVar [[s.PriorityAsyncLoadingExtraTime:15.0]]
[2022.01.29-15.27.33:045][  0]LogConfig: Setting CVar [[s.LevelStreamingActorsUpdateTimeLimit:5.0]]
[2022.01.29-15.27.33:045][  0]LogConfig: Setting CVar [[s.PriorityLevelStreamingActorsUpdateExtraTime:5.0]]
[2022.01.29-15.27.33:045][  0]LogConfig: Setting CVar [[s.LevelStreamingComponentsRegistrationGranularity:10]]
[2022.01.29-15.27.33:045][  0]LogConfig: Setting CVar [[s.UnregisterComponentsTimeLimit:1.0]]
[2022.01.29-15.27.33:045][  0]LogConfig: Setting CVar [[s.LevelStreamingComponentsUnregistrationGranularity:5]]
[2022.01.29-15.27.33:045][  0]LogConfig: Setting CVar [[s.FlushStreamingOnExit:1]]
[2022.01.29-15.27.33:045][  0]LogConfig: Applying CVar settings from Section [/Script/Engine.GarbageCollectionSettings] File [D:/Applications/Development/GGJ_2022/GodGloveExperiment/Saved/Config/Windows/Engine.ini]
[2022.01.29-15.27.33:045][  0]LogConfig: Setting CVar [[gc.MaxObjectsNotConsideredByGC:1]]
[2022.01.29-15.27.33:045][  0]LogConfig: Setting CVar [[gc.SizeOfPermanentObjectPool:0]]
[2022.01.29-15.27.33:045][  0]LogConfig: Setting CVar [[gc.FlushStreamingOnGC:0]]
[2022.01.29-15.27.33:045][  0]LogConfig: Setting CVar [[gc.NumRetriesBeforeForcingGC:10]]
[2022.01.29-15.27.33:045][  0]LogConfig: Setting CVar [[gc.AllowParallelGC:1]]
[2022.01.29-15.27.33:045][  0]LogConfig: Setting CVar [[gc.TimeBetweenPurgingPendingKillObjects:61.1]]
[2022.01.29-15.27.33:045][  0]LogConfig: Setting CVar [[gc.MaxObjectsInEditor:25165824]]
[2022.01.29-15.27.33:045][  0]LogConfig: Setting CVar [[gc.IncrementalBeginDestroyEnabled:1]]
[2022.01.29-15.27.33:045][  0]LogConfig: Setting CVar [[gc.CreateGCClusters:1]]
[2022.01.29-15.27.33:045][  0]LogConfig: Setting CVar [[gc.MinGCClusterSize:5]]
[2022.01.29-15.27.33:045][  0]LogConfig: Setting CVar [[gc.ActorClusteringEnabled:0]]
[2022.01.29-15.27.33:045][  0]LogConfig: Setting CVar [[gc.BlueprintClusteringEnabled:0]]
[2022.01.29-15.27.33:045][  0]LogConfig: Setting CVar [[gc.UseDisregardForGCOnDedicatedServers:0]]
[2022.01.29-15.27.33:045][  0]LogConfig: Setting CVar [[gc.MultithreadedDestructionEnabled:1]]
[2022.01.29-15.27.33:045][  0]LogConfig: Applying CVar settings from Section [/Script/Engine.NetworkSettings] File [D:/Applications/Development/GGJ_2022/GodGloveExperiment/Saved/Config/Windows/Engine.ini]
[2022.01.29-15.27.33:045][  0]LogConfig: Applying CVar settings from Section [/Script/UnrealEd.CookerSettings] File [D:/Applications/Development/GGJ_2022/GodGloveExperiment/Saved/Config/Windows/Engine.ini]
[2022.01.29-15.27.33:099][  0]LogConfig: Applying CVar settings from Section [ViewDistanceQuality@3] File [D:/Applications/Development/GGJ_2022/GodGloveExperiment/Saved/Config/Windows/Scalability.ini]
[2022.01.29-15.27.33:099][  0]LogConfig: Setting CVar [[r.SkeletalMeshLODBias:0]]
[2022.01.29-15.27.33:099][  0]LogConfig: Setting CVar [[r.ViewDistanceScale:1.0]]
[2022.01.29-15.27.33:099][  0]LogConfig: Applying CVar settings from Section [AntiAliasingQuality@3] File [D:/Applications/Development/GGJ_2022/GodGloveExperiment/Saved/Config/Windows/Scalability.ini]
[2022.01.29-15.27.33:099][  0]LogConfig: Setting CVar [[r.PostProcessAAQuality:4]]
[2022.01.29-15.27.33:099][  0]LogConfig: Applying CVar settings from Section [ShadowQuality@3] File [D:/Applications/Development/GGJ_2022/GodGloveExperiment/Saved/Config/Windows/Scalability.ini]
[2022.01.29-15.27.33:099][  0]LogConfig: Setting CVar [[r.LightFunctionQuality:1]]
[2022.01.29-15.27.33:099][  0]LogConfig: Setting CVar [[r.ShadowQuality:5]]
[2022.01.29-15.27.33:099][  0]LogConfig: Setting CVar [[r.Shadow.CSM.MaxCascades:10]]
[2022.01.29-15.27.33:099][  0]LogConfig: Setting CVar [[r.Shadow.MaxResolution:2048]]
[2022.01.29-15.27.33:099][  0]LogConfig: Setting CVar [[r.Shadow.MaxCSMResolution:2048]]
[2022.01.29-15.27.33:099][  0]LogConfig: Setting CVar [[r.Shadow.RadiusThreshold:0.01]]
[2022.01.29-15.27.33:099][  0]LogConfig: Setting CVar [[r.Shadow.DistanceScale:1.0]]
[2022.01.29-15.27.33:099][  0]LogConfig: Setting CVar [[r.Shadow.CSM.TransitionScale:1.0]]
[2022.01.29-15.27.33:099][  0]LogConfig: Setting CVar [[r.Shadow.PreShadowResolutionFactor:1.0]]
[2022.01.29-15.27.33:099][  0]LogConfig: Setting CVar [[r.DistanceFieldShadowing:1]]
[2022.01.29-15.27.33:099][  0]LogConfig: Setting CVar [[r.DistanceFieldAO:1]]
[2022.01.29-15.27.33:099][  0]LogConfig: Setting CVar [[r.AOQuality:2]]
[2022.01.29-15.27.33:099][  0]LogConfig: Setting CVar [[r.VolumetricFog:1]]
[2022.01.29-15.27.33:099][  0]LogConfig: Setting CVar [[r.VolumetricFog.GridPixelSize:8]]
[2022.01.29-15.27.33:099][  0]LogConfig: Setting CVar [[r.VolumetricFog.GridSizeZ:128]]
[2022.01.29-15.27.33:099][  0]LogConfig: Setting CVar [[r.VolumetricFog.HistoryMissSupersampleCount:4]]
[2022.01.29-15.27.33:099][  0]LogConfig: Setting CVar [[r.LightMaxDrawDistanceScale:1]]
[2022.01.29-15.27.33:099][  0]LogConfig: Setting CVar [[r.CapsuleShadows:1]]
[2022.01.29-15.27.33:099][  0]LogConfig: Applying CVar settings from Section [PostProcessQuality@3] File [D:/Applications/Development/GGJ_2022/GodGloveExperiment/Saved/Config/Windows/Scalability.ini]
[2022.01.29-15.27.33:099][  0]LogConfig: Setting CVar [[r.MotionBlurQuality:4]]
[2022.01.29-15.27.33:099][  0]LogConfig: Setting CVar [[r.AmbientOcclusionMipLevelFactor:0.4]]
[2022.01.29-15.27.33:099][  0]LogConfig: Setting CVar [[r.AmbientOcclusionMaxQuality:100]]
[2022.01.29-15.27.33:099][  0]LogConfig: Setting CVar [[r.AmbientOcclusionLevels:-1]]
[2022.01.29-15.27.33:099][  0]LogConfig: Setting CVar [[r.AmbientOcclusionRadiusScale:1.0]]
[2022.01.29-15.27.33:099][  0]LogConfig: Setting CVar [[r.DepthOfFieldQuality:2]]
[2022.01.29-15.27.33:099][  0]LogConfig: Setting CVar [[r.RenderTargetPoolMin:400]]
[2022.01.29-15.27.33:099][  0]LogConfig: Setting CVar [[r.LensFlareQuality:2]]
[2022.01.29-15.27.33:099][  0]LogConfig: Setting CVar [[r.SceneColorFringeQuality:1]]
[2022.01.29-15.27.33:099][  0]LogConfig: Setting CVar [[r.EyeAdaptationQuality:2]]
[2022.01.29-15.27.33:099][  0]LogConfig: Setting CVar [[r.BloomQuality:5]]
[2022.01.29-15.27.33:099][  0]LogConfig: Setting CVar [[r.FastBlurThreshold:100]]
[2022.01.29-15.27.33:099][  0]LogConfig: Setting CVar [[r.Upscale.Quality:3]]
[2022.01.29-15.27.33:099][  0]LogConfig: Setting CVar [[r.Tonemapper.GrainQuantization:1]]
[2022.01.29-15.27.33:099][  0]LogConfig: Setting CVar [[r.LightShaftQuality:1]]
[2022.01.29-15.27.33:099][  0]LogConfig: Setting CVar [[r.Filter.SizeScale:1]]
[2022.01.29-15.27.33:099][  0]LogConfig: Setting CVar [[r.Tonemapper.Quality:5]]
[2022.01.29-15.27.33:099][  0]LogConfig: Setting CVar [[r.DOF.Gather.AccumulatorQuality:1        ; higher gathering accumulator quality]]
[2022.01.29-15.27.33:099][  0]LogConfig: Setting CVar [[r.DOF.Gather.PostfilterMethod:1          ; Median3x3 postfilering method]]
[2022.01.29-15.27.33:099][  0]LogConfig: Setting CVar [[r.DOF.Gather.EnableBokehSettings:0       ; no bokeh simulation when gathering]]
[2022.01.29-15.27.33:100][  0]LogConfig: Setting CVar [[r.DOF.Gather.RingCount:4                 ; medium number of samples when gathering]]
[2022.01.29-15.27.33:100][  0]LogConfig: Setting CVar [[r.DOF.Scatter.ForegroundCompositing:1    ; additive foreground scattering]]
[2022.01.29-15.27.33:100][  0]LogConfig: Setting CVar [[r.DOF.Scatter.BackgroundCompositing:2    ; additive background scattering]]
[2022.01.29-15.27.33:100][  0]LogConfig: Setting CVar [[r.DOF.Scatter.EnableBokehSettings:1      ; bokeh simulation when scattering]]
[2022.01.29-15.27.33:100][  0]LogConfig: Setting CVar [[r.DOF.Scatter.MaxSpriteRatio:0.1         ; only a maximum of 10% of scattered bokeh]]
[2022.01.29-15.27.33:100][  0]LogConfig: Setting CVar [[r.DOF.Recombine.Quality:1                ; cheap slight out of focus]]
[2022.01.29-15.27.33:100][  0]LogConfig: Setting CVar [[r.DOF.Recombine.EnableBokehSettings:0    ; no bokeh simulation on slight out of focus]]
[2022.01.29-15.27.33:100][  0]LogConfig: Setting CVar [[r.DOF.TemporalAAQuality:1                ; more stable temporal accumulation]]
[2022.01.29-15.27.33:100][  0]LogConfig: Setting CVar [[r.DOF.Kernel.MaxForegroundRadius:0.025]]
[2022.01.29-15.27.33:100][  0]LogConfig: Setting CVar [[r.DOF.Kernel.MaxBackgroundRadius:0.025]]
[2022.01.29-15.27.33:100][  0]LogConfig: Applying CVar settings from Section [TextureQuality@3] File [D:/Applications/Development/GGJ_2022/GodGloveExperiment/Saved/Config/Windows/Scalability.ini]
[2022.01.29-15.27.33:100][  0]LogConfig: Setting CVar [[r.Streaming.MipBias:0]]
[2022.01.29-15.27.33:100][  0]LogConfig: Setting CVar [[r.Streaming.AmortizeCPUToGPUCopy:0]]
[2022.01.29-15.27.33:100][  0]LogConfig: Setting CVar [[r.Streaming.MaxNumTexturesToStreamPerFrame:0]]
[2022.01.29-15.27.33:100][  0]LogConfig: Setting CVar [[r.Streaming.Boost:1]]
[2022.01.29-15.27.33:100][  0]LogConfig: Setting CVar [[r.MaxAnisotropy:8]]
[2022.01.29-15.27.33:100][  0]LogConfig: Setting CVar [[r.VT.MaxAnisotropy:8]]
[2022.01.29-15.27.33:100][  0]LogConfig: Setting CVar [[r.Streaming.LimitPoolSizeToVRAM:0]]
[2022.01.29-15.27.33:100][  0]LogConfig: Setting CVar [[r.Streaming.PoolSize:1000]]
[2022.01.29-15.27.33:100][  0]LogConfig: Setting CVar [[r.Streaming.MaxEffectiveScreenSize:0]]
[2022.01.29-15.27.33:100][  0]LogConfig: Applying CVar settings from Section [EffectsQuality@3] File [D:/Applications/Development/GGJ_2022/GodGloveExperiment/Saved/Config/Windows/Scalability.ini]
[2022.01.29-15.27.33:100][  0]LogConfig: Setting CVar [[r.TranslucencyLightingVolumeDim:64]]
[2022.01.29-15.27.33:100][  0]LogConfig: Setting CVar [[r.RefractionQuality:2]]
[2022.01.29-15.27.33:100][  0]LogConfig: Setting CVar [[r.SSR.Quality:3]]
[2022.01.29-15.27.33:100][  0]LogConfig: Setting CVar [[r.SSR.HalfResSceneColor:0]]
[2022.01.29-15.27.33:100][  0]LogConfig: Setting CVar [[r.SceneColorFormat:4]]
[2022.01.29-15.27.33:100][  0]LogConfig: Setting CVar [[r.DetailMode:2]]
[2022.01.29-15.27.33:100][  0]LogConfig: Setting CVar [[r.TranslucencyVolumeBlur:1]]
[2022.01.29-15.27.33:100][  0]LogConfig: Setting CVar [[r.MaterialQualityLevel:1 ; High quality]]
[2022.01.29-15.27.33:100][  0]LogConfig: Setting CVar [[r.AnisotropicMaterials:1]]
[2022.01.29-15.27.33:100][  0]LogConfig: Setting CVar [[r.SSS.Scale:1]]
[2022.01.29-15.27.33:100][  0]LogConfig: Setting CVar [[r.SSS.SampleSet:2]]
[2022.01.29-15.27.33:100][  0]LogConfig: Setting CVar [[r.SSS.Quality:1]]
[2022.01.29-15.27.33:100][  0]LogConfig: Setting CVar [[r.SSS.HalfRes:0]]
[2022.01.29-15.27.33:100][  0]LogConfig: Setting CVar [[r.SSGI.Quality:3]]
[2022.01.29-15.27.33:100][  0]LogConfig: Setting CVar [[r.EmitterSpawnRateScale:1.0]]
[2022.01.29-15.27.33:100][  0]LogConfig: Setting CVar [[r.ParticleLightQuality:2]]
[2022.01.29-15.27.33:100][  0]LogConfig: Setting CVar [[r.SkyAtmosphere.AerialPerspectiveLUT.FastApplyOnOpaque:1 ; Always have FastSkyLUT 1 in this case to avoid wrong sky]]
[2022.01.29-15.27.33:100][  0]LogConfig: Setting CVar [[r.SkyAtmosphere.AerialPerspectiveLUT.SampleCountMaxPerSlice:4]]
[2022.01.29-15.27.33:100][  0]LogConfig: Setting CVar [[r.SkyAtmosphere.AerialPerspectiveLUT.DepthResolution:16.0]]
[2022.01.29-15.27.33:100][  0]LogConfig: Setting CVar [[r.SkyAtmosphere.FastSkyLUT:1]]
[2022.01.29-15.27.33:100][  0]LogConfig: Setting CVar [[r.SkyAtmosphere.FastSkyLUT.SampleCountMin:4.0]]
[2022.01.29-15.27.33:100][  0]LogConfig: Setting CVar [[r.SkyAtmosphere.FastSkyLUT.SampleCountMax:128.0]]
[2022.01.29-15.27.33:100][  0]LogConfig: Setting CVar [[r.SkyAtmosphere.SampleCountMin:4.0]]
[2022.01.29-15.27.33:100][  0]LogConfig: Setting CVar [[r.SkyAtmosphere.SampleCountMax:128.0]]
[2022.01.29-15.27.33:100][  0]LogConfig: Setting CVar [[r.SkyAtmosphere.TransmittanceLUT.UseSmallFormat:0]]
[2022.01.29-15.27.33:100][  0]LogConfig: Setting CVar [[r.SkyAtmosphere.TransmittanceLUT.SampleCount:10.0]]
[2022.01.29-15.27.33:100][  0]LogConfig: Setting CVar [[r.SkyAtmosphere.MultiScatteringLUT.SampleCount:15.0]]
[2022.01.29-15.27.33:100][  0]LogConfig: Setting CVar [[r.SkyLight.RealTimeReflectionCapture:1]]
[2022.01.29-15.27.33:100][  0]LogConfig: Applying CVar settings from Section [FoliageQuality@3] File [D:/Applications/Development/GGJ_2022/GodGloveExperiment/Saved/Config/Windows/Scalability.ini]
[2022.01.29-15.27.33:100][  0]LogConfig: Setting CVar [[foliage.DensityScale:1.0]]
[2022.01.29-15.27.33:100][  0]LogConfig: Setting CVar [[grass.DensityScale:1.0]]
[2022.01.29-15.27.33:100][  0]LogConfig: Applying CVar settings from Section [ShadingQuality@3] File [D:/Applications/Development/GGJ_2022/GodGloveExperiment/Saved/Config/Windows/Scalability.ini]
[2022.01.29-15.27.33:100][  0]LogConfig: Setting CVar [[r.HairStrands.SkyLighting.IntegrationType:2]]
[2022.01.29-15.27.33:100][  0]LogConfig: Setting CVar [[r.HairStrands.SkyAO.SampleCount:4]]
[2022.01.29-15.27.33:100][  0]LogConfig: Setting CVar [[r.HairStrands.Visibility.MSAA.SamplePerPixel:4]]
[2022.01.29-15.27.33:100][  0]LogInit: Selected Device Profile: [Windows]
[2022.01.29-15.27.33:100][  0]LogInit: Applying CVar settings loaded from the selected device profile: [Windows]
[2022.01.29-15.27.33:100][  0]LogHAL: Display: Platform has ~ 32 GB [34279751680 / 34359738368 / 32], which maps to Largest [LargestMinGB=32, LargerMinGB=12, DefaultMinGB=8, SmallerMinGB=6, SmallestMinGB=0)
[2022.01.29-15.27.33:100][  0]LogInit: Going up to parent DeviceProfile []
[2022.01.29-15.27.33:100][  0]LogConfig: Applying CVar settings from Section [ViewDistanceQuality@3] File [D:/Applications/Development/GGJ_2022/GodGloveExperiment/Saved/Config/Windows/Scalability.ini]
[2022.01.29-15.27.33:100][  0]LogConfig: Setting CVar [[r.SkeletalMeshLODBias:0]]
[2022.01.29-15.27.33:100][  0]LogConfig: Setting CVar [[r.ViewDistanceScale:1.0]]
[2022.01.29-15.27.33:100][  0]LogConfig: Applying CVar settings from Section [AntiAliasingQuality@3] File [D:/Applications/Development/GGJ_2022/GodGloveExperiment/Saved/Config/Windows/Scalability.ini]
[2022.01.29-15.27.33:100][  0]LogConfig: Setting CVar [[r.PostProcessAAQuality:4]]
[2022.01.29-15.27.33:100][  0]LogConfig: Applying CVar settings from Section [ShadowQuality@3] File [D:/Applications/Development/GGJ_2022/GodGloveExperiment/Saved/Config/Windows/Scalability.ini]
[2022.01.29-15.27.33:100][  0]LogConfig: Setting CVar [[r.LightFunctionQuality:1]]
[2022.01.29-15.27.33:100][  0]LogConfig: Setting CVar [[r.ShadowQuality:5]]
[2022.01.29-15.27.33:100][  0]LogConfig: Setting CVar [[r.Shadow.CSM.MaxCascades:10]]
[2022.01.29-15.27.33:100][  0]LogConfig: Setting CVar [[r.Shadow.MaxResolution:2048]]
[2022.01.29-15.27.33:100][  0]LogConfig: Setting CVar [[r.Shadow.MaxCSMResolution:2048]]
[2022.01.29-15.27.33:100][  0]LogConfig: Setting CVar [[r.Shadow.RadiusThreshold:0.01]]
[2022.01.29-15.27.33:100][  0]LogConfig: Setting CVar [[r.Shadow.DistanceScale:1.0]]
[2022.01.29-15.27.33:100][  0]LogConfig: Setting CVar [[r.Shadow.CSM.TransitionScale:1.0]]
[2022.01.29-15.27.33:100][  0]LogConfig: Setting CVar [[r.Shadow.PreShadowResolutionFactor:1.0]]
[2022.01.29-15.27.33:100][  0]LogConfig: Setting CVar [[r.DistanceFieldShadowing:1]]
[2022.01.29-15.27.33:100][  0]LogConfig: Setting CVar [[r.DistanceFieldAO:1]]
[2022.01.29-15.27.33:100][  0]LogConfig: Setting CVar [[r.AOQuality:2]]
[2022.01.29-15.27.33:100][  0]LogConfig: Setting CVar [[r.VolumetricFog:1]]
[2022.01.29-15.27.33:100][  0]LogConfig: Setting CVar [[r.VolumetricFog.GridPixelSize:8]]
[2022.01.29-15.27.33:100][  0]LogConfig: Setting CVar [[r.VolumetricFog.GridSizeZ:128]]
[2022.01.29-15.27.33:100][  0]LogConfig: Setting CVar [[r.VolumetricFog.HistoryMissSupersampleCount:4]]
[2022.01.29-15.27.33:100][  0]LogConfig: Setting CVar [[r.LightMaxDrawDistanceScale:1]]
[2022.01.29-15.27.33:100][  0]LogConfig: Setting CVar [[r.CapsuleShadows:1]]
[2022.01.29-15.27.33:100][  0]LogConfig: Applying CVar settings from Section [PostProcessQuality@3] File [D:/Applications/Development/GGJ_2022/GodGloveExperiment/Saved/Config/Windows/Scalability.ini]
[2022.01.29-15.27.33:100][  0]LogConfig: Setting CVar [[r.MotionBlurQuality:4]]
[2022.01.29-15.27.33:100][  0]LogConfig: Setting CVar [[r.AmbientOcclusionMipLevelFactor:0.4]]
[2022.01.29-15.27.33:100][  0]LogConfig: Setting CVar [[r.AmbientOcclusionMaxQuality:100]]
[2022.01.29-15.27.33:100][  0]LogConfig: Setting CVar [[r.AmbientOcclusionLevels:-1]]
[2022.01.29-15.27.33:101][  0]LogConfig: Setting CVar [[r.AmbientOcclusionRadiusScale:1.0]]
[2022.01.29-15.27.33:101][  0]LogConfig: Setting CVar [[r.DepthOfFieldQuality:2]]
[2022.01.29-15.27.33:101][  0]LogConfig: Setting CVar [[r.RenderTargetPoolMin:400]]
[2022.01.29-15.27.33:101][  0]LogConfig: Setting CVar [[r.LensFlareQuality:2]]
[2022.01.29-15.27.33:101][  0]LogConfig: Setting CVar [[r.SceneColorFringeQuality:1]]
[2022.01.29-15.27.33:101][  0]LogConfig: Setting CVar [[r.EyeAdaptationQuality:2]]
[2022.01.29-15.27.33:101][  0]LogConfig: Setting CVar [[r.BloomQuality:5]]
[2022.01.29-15.27.33:101][  0]LogConfig: Setting CVar [[r.FastBlurThreshold:100]]
[2022.01.29-15.27.33:101][  0]LogConfig: Setting CVar [[r.Upscale.Quality:3]]
[2022.01.29-15.27.33:101][  0]LogConfig: Setting CVar [[r.Tonemapper.GrainQuantization:1]]
[2022.01.29-15.27.33:101][  0]LogConfig: Setting CVar [[r.LightShaftQuality:1]]
[2022.01.29-15.27.33:101][  0]LogConfig: Setting CVar [[r.Filter.SizeScale:1]]
[2022.01.29-15.27.33:101][  0]LogConfig: Setting CVar [[r.Tonemapper.Quality:5]]
[2022.01.29-15.27.33:101][  0]LogConfig: Setting CVar [[r.DOF.Gather.AccumulatorQuality:1        ; higher gathering accumulator quality]]
[2022.01.29-15.27.33:101][  0]LogConfig: Setting CVar [[r.DOF.Gather.PostfilterMethod:1          ; Median3x3 postfilering method]]
[2022.01.29-15.27.33:101][  0]LogConfig: Setting CVar [[r.DOF.Gather.EnableBokehSettings:0       ; no bokeh simulation when gathering]]
[2022.01.29-15.27.33:101][  0]LogConfig: Setting CVar [[r.DOF.Gather.RingCount:4                 ; medium number of samples when gathering]]
[2022.01.29-15.27.33:101][  0]LogConfig: Setting CVar [[r.DOF.Scatter.ForegroundCompositing:1    ; additive foreground scattering]]
[2022.01.29-15.27.33:101][  0]LogConfig: Setting CVar [[r.DOF.Scatter.BackgroundCompositing:2    ; additive background scattering]]
[2022.01.29-15.27.33:101][  0]LogConfig: Setting CVar [[r.DOF.Scatter.EnableBokehSettings:1      ; bokeh simulation when scattering]]
[2022.01.29-15.27.33:101][  0]LogConfig: Setting CVar [[r.DOF.Scatter.MaxSpriteRatio:0.1         ; only a maximum of 10% of scattered bokeh]]
[2022.01.29-15.27.33:101][  0]LogConfig: Setting CVar [[r.DOF.Recombine.Quality:1                ; cheap slight out of focus]]
[2022.01.29-15.27.33:101][  0]LogConfig: Setting CVar [[r.DOF.Recombine.EnableBokehSettings:0    ; no bokeh simulation on slight out of focus]]
[2022.01.29-15.27.33:101][  0]LogConfig: Setting CVar [[r.DOF.TemporalAAQuality:1                ; more stable temporal accumulation]]
[2022.01.29-15.27.33:101][  0]LogConfig: Setting CVar [[r.DOF.Kernel.MaxForegroundRadius:0.025]]
[2022.01.29-15.27.33:101][  0]LogConfig: Setting CVar [[r.DOF.Kernel.MaxBackgroundRadius:0.025]]
[2022.01.29-15.27.33:101][  0]LogConfig: Applying CVar settings from Section [TextureQuality@3] File [D:/Applications/Development/GGJ_2022/GodGloveExperiment/Saved/Config/Windows/Scalability.ini]
[2022.01.29-15.27.33:101][  0]LogConfig: Setting CVar [[r.Streaming.MipBias:0]]
[2022.01.29-15.27.33:101][  0]LogConfig: Setting CVar [[r.Streaming.AmortizeCPUToGPUCopy:0]]
[2022.01.29-15.27.33:101][  0]LogConfig: Setting CVar [[r.Streaming.MaxNumTexturesToStreamPerFrame:0]]
[2022.01.29-15.27.33:101][  0]LogConfig: Setting CVar [[r.Streaming.Boost:1]]
[2022.01.29-15.27.33:101][  0]LogConfig: Setting CVar [[r.MaxAnisotropy:8]]
[2022.01.29-15.27.33:101][  0]LogConfig: Setting CVar [[r.VT.MaxAnisotropy:8]]
[2022.01.29-15.27.33:101][  0]LogConfig: Setting CVar [[r.Streaming.LimitPoolSizeToVRAM:0]]
[2022.01.29-15.27.33:101][  0]LogConfig: Setting CVar [[r.Streaming.PoolSize:1000]]
[2022.01.29-15.27.33:101][  0]LogConfig: Setting CVar [[r.Streaming.MaxEffectiveScreenSize:0]]
[2022.01.29-15.27.33:101][  0]LogConfig: Applying CVar settings from Section [EffectsQuality@3] File [D:/Applications/Development/GGJ_2022/GodGloveExperiment/Saved/Config/Windows/Scalability.ini]
[2022.01.29-15.27.33:101][  0]LogConfig: Setting CVar [[r.TranslucencyLightingVolumeDim:64]]
[2022.01.29-15.27.33:101][  0]LogConfig: Setting CVar [[r.RefractionQuality:2]]
[2022.01.29-15.27.33:101][  0]LogConfig: Setting CVar [[r.SSR.Quality:3]]
[2022.01.29-15.27.33:101][  0]LogConfig: Setting CVar [[r.SSR.HalfResSceneColor:0]]
[2022.01.29-15.27.33:101][  0]LogConfig: Setting CVar [[r.SceneColorFormat:4]]
[2022.01.29-15.27.33:101][  0]LogConfig: Setting CVar [[r.DetailMode:2]]
[2022.01.29-15.27.33:101][  0]LogConfig: Setting CVar [[r.TranslucencyVolumeBlur:1]]
[2022.01.29-15.27.33:101][  0]LogConfig: Setting CVar [[r.MaterialQualityLevel:1 ; High quality]]
[2022.01.29-15.27.33:101][  0]LogConfig: Setting CVar [[r.AnisotropicMaterials:1]]
[2022.01.29-15.27.33:101][  0]LogConfig: Setting CVar [[r.SSS.Scale:1]]
[2022.01.29-15.27.33:101][  0]LogConfig: Setting CVar [[r.SSS.SampleSet:2]]
[2022.01.29-15.27.33:101][  0]LogConfig: Setting CVar [[r.SSS.Quality:1]]
[2022.01.29-15.27.33:101][  0]LogConfig: Setting CVar [[r.SSS.HalfRes:0]]
[2022.01.29-15.27.33:101][  0]LogConfig: Setting CVar [[r.SSGI.Quality:3]]
[2022.01.29-15.27.33:101][  0]LogConfig: Setting CVar [[r.EmitterSpawnRateScale:1.0]]
[2022.01.29-15.27.33:101][  0]LogConfig: Setting CVar [[r.ParticleLightQuality:2]]
[2022.01.29-15.27.33:101][  0]LogConfig: Setting CVar [[r.SkyAtmosphere.AerialPerspectiveLUT.FastApplyOnOpaque:1 ; Always have FastSkyLUT 1 in this case to avoid wrong sky]]
[2022.01.29-15.27.33:101][  0]LogConfig: Setting CVar [[r.SkyAtmosphere.AerialPerspectiveLUT.SampleCountMaxPerSlice:4]]
[2022.01.29-15.27.33:101][  0]LogConfig: Setting CVar [[r.SkyAtmosphere.AerialPerspectiveLUT.DepthResolution:16.0]]
[2022.01.29-15.27.33:101][  0]LogConfig: Setting CVar [[r.SkyAtmosphere.FastSkyLUT:1]]
[2022.01.29-15.27.33:101][  0]LogConfig: Setting CVar [[r.SkyAtmosphere.FastSkyLUT.SampleCountMin:4.0]]
[2022.01.29-15.27.33:101][  0]LogConfig: Setting CVar [[r.SkyAtmosphere.FastSkyLUT.SampleCountMax:128.0]]
[2022.01.29-15.27.33:101][  0]LogConfig: Setting CVar [[r.SkyAtmosphere.SampleCountMin:4.0]]
[2022.01.29-15.27.33:101][  0]LogConfig: Setting CVar [[r.SkyAtmosphere.SampleCountMax:128.0]]
[2022.01.29-15.27.33:101][  0]LogConfig: Setting CVar [[r.SkyAtmosphere.TransmittanceLUT.UseSmallFormat:0]]
[2022.01.29-15.27.33:101][  0]LogConfig: Setting CVar [[r.SkyAtmosphere.TransmittanceLUT.SampleCount:10.0]]
[2022.01.29-15.27.33:101][  0]LogConfig: Setting CVar [[r.SkyAtmosphere.MultiScatteringLUT.SampleCount:15.0]]
[2022.01.29-15.27.33:101][  0]LogConfig: Setting CVar [[r.SkyLight.RealTimeReflectionCapture:1]]
[2022.01.29-15.27.33:101][  0]LogConfig: Applying CVar settings from Section [FoliageQuality@3] File [D:/Applications/Development/GGJ_2022/GodGloveExperiment/Saved/Config/Windows/Scalability.ini]
[2022.01.29-15.27.33:101][  0]LogConfig: Setting CVar [[foliage.DensityScale:1.0]]
[2022.01.29-15.27.33:101][  0]LogConfig: Setting CVar [[grass.DensityScale:1.0]]
[2022.01.29-15.27.33:101][  0]LogConfig: Applying CVar settings from Section [ShadingQuality@3] File [D:/Applications/Development/GGJ_2022/GodGloveExperiment/Saved/Config/Windows/Scalability.ini]
[2022.01.29-15.27.33:101][  0]LogConfig: Setting CVar [[r.HairStrands.SkyLighting.IntegrationType:2]]
[2022.01.29-15.27.33:101][  0]LogConfig: Setting CVar [[r.HairStrands.SkyAO.SampleCount:4]]
[2022.01.29-15.27.33:101][  0]LogConfig: Setting CVar [[r.HairStrands.Visibility.MSAA.SamplePerPixel:4]]
[2022.01.29-15.27.33:101][  0]LogConfig: Applying CVar settings from Section [Startup] File [../../../Engine/Config/ConsoleVariables.ini]
[2022.01.29-15.27.33:101][  0]LogConfig: Setting CVar [[net.UseAdaptiveNetUpdateFrequency:0]]
[2022.01.29-15.27.33:101][  0]LogConfig: Setting CVar [[p.chaos.AllowCreatePhysxBodies:1]]
[2022.01.29-15.27.33:102][  0]LogConfig: Setting CVar [[fx.SkipVectorVMBackendOptimizations:1]]
[2022.01.29-15.27.33:102][  0]LogConfig: Applying CVar settings from Section [ConsoleVariables] File [D:/Applications/Development/GGJ_2022/GodGloveExperiment/Saved/Config/Windows/Engine.ini]
[2022.01.29-15.27.33:102][  0]LogConfig: Applying CVar settings from Section [ConsoleVariables] File [D:/Applications/Development/GGJ_2022/GodGloveExperiment/Saved/Config/Windows/Editor.ini]
[2022.01.29-15.27.33:102][  0]LogInit: Computer: DESKTOP
[2022.01.29-15.27.33:102][  0]LogInit: User: brand
[2022.01.29-15.27.33:102][  0]LogInit: CPU Page size=4096, Cores=8
[2022.01.29-15.27.33:102][  0]LogInit: High frequency timer resolution =10.000000 MHz
[2022.01.29-15.27.33:102][  0]LogMemory: Memory total: Physical=31.9GB (32GB approx)
[2022.01.29-15.27.33:102][  0]LogMemory: Platform Memory Stats for Windows
[2022.01.29-15.27.33:102][  0]LogMemory: Process Physical Memory: 147.30 MB used, 147.30 MB peak
[2022.01.29-15.27.33:102][  0]LogMemory: Process Virtual Memory: 131.39 MB used, 131.39 MB peak
[2022.01.29-15.27.33:102][  0]LogMemory: Physical Memory: 12339.70 MB used,  20352.02 MB free, 32691.72 MB total
[2022.01.29-15.27.33:102][  0]LogMemory: Virtual Memory: 134200648.00 MB used,  17080.80 MB free, 134217728.00 MB total
[2022.01.29-15.27.33:165][  0]LogWindows: WindowsPlatformFeatures enabled
[2022.01.29-15.27.33:201][  0]LogInit: Physics initialised using underlying interface: PhysX
[2022.01.29-15.27.33:201][  0]LogInit: Using OS detected language (en-US).
[2022.01.29-15.27.33:201][  0]LogInit: Using OS detected locale (en-US).
[2022.01.29-15.27.33:203][  0]LogTextLocalizationManager: No specific localization for 'en-US' exists, so the 'en' localization will be used.
[2022.01.29-15.27.33:369][  0]LogWindowsTextInputMethodSystem: Display: IME system deactivated.
[2022.01.29-15.27.33:389][  0]LogSlate: New Slate User Created.  User Index 0, Is Virtual User: 0
[2022.01.29-15.27.33:389][  0]LogSlate: Slate User Registered.  User Index 0, Is Virtual User: 0
[2022.01.29-15.27.33:402][  0]LogD3D11RHI: Loaded GFSDK_Aftermath_Lib.x64.dll
[2022.01.29-15.27.33:406][  0]LogHMD: Failed to initialize OpenVR with code 110
[2022.01.29-15.27.33:406][  0]LogD3D11RHI: D3D11 min allowed feature level: 11_0
[2022.01.29-15.27.33:406][  0]LogD3D11RHI: D3D11 max allowed feature level: 11_0
[2022.01.29-15.27.33:406][  0]LogD3D11RHI: D3D11 adapters:
[2022.01.29-15.27.33:489][  0]LogD3D11RHI:    0. 'NVIDIA GeForce RTX 2080 Ti' (Feature Level 11_0)
[2022.01.29-15.27.33:489][  0]LogD3D11RHI:       11049/0/16345 MB DedicatedVideo/DedicatedSystem/SharedSystem, Outputs:2, VendorId:0x10de
[2022.01.29-15.27.33:491][  0]LogD3D11RHI:    1. 'Microsoft Basic Render Driver' (Feature Level 11_0)
[2022.01.29-15.27.33:491][  0]LogD3D11RHI:       0/0/16345 MB DedicatedVideo/DedicatedSystem/SharedSystem, Outputs:0, VendorId:0x1414
[2022.01.29-15.27.33:492][  0]LogD3D11RHI:    2. 'Microsoft Basic Render Driver' (Feature Level 11_0)
[2022.01.29-15.27.33:492][  0]LogD3D11RHI:       0/0/16345 MB DedicatedVideo/DedicatedSystem/SharedSystem, Outputs:0, VendorId:0x1414
[2022.01.29-15.27.33:492][  0]LogD3D11RHI: Chosen D3D11 Adapter:
[2022.01.29-15.27.33:492][  0]LogD3D11RHI:     Description : NVIDIA GeForce RTX 2080 Ti
[2022.01.29-15.27.33:492][  0]LogD3D11RHI:     VendorId    : 10de
[2022.01.29-15.27.33:492][  0]LogD3D11RHI:     DeviceId    : 1e07
[2022.01.29-15.27.33:492][  0]LogD3D11RHI:     SubSysId    : 150319da
[2022.01.29-15.27.33:492][  0]LogD3D11RHI:     Revision    : 00a1
[2022.01.29-15.27.33:492][  0]LogD3D11RHI:     DedicatedVideoMemory : 11585716224 bytes
[2022.01.29-15.27.33:492][  0]LogD3D11RHI:     DedicatedSystemMemory : 0 bytes
[2022.01.29-15.27.33:492][  0]LogD3D11RHI:     SharedSystemMemory : 17139875840 bytes
[2022.01.29-15.27.33:492][  0]LogD3D11RHI:     AdapterLuid : 0 53092
[2022.01.29-15.27.33:500][  0]LogD3D11RHI: Creating new Direct3DDevice
[2022.01.29-15.27.33:500][  0]LogD3D11RHI:     GPU DeviceId: 0x1e07 (for the marketing name, search the web for "GPU Device Id")
[2022.01.29-15.27.33:500][  0]LogWindows: EnumDisplayDevices:
[2022.01.29-15.27.33:500][  0]LogWindows:    0. 'Microsoft Basic Display Driver' (P:0 D:0)
[2022.01.29-15.27.33:501][  0]LogWindows:    1. 'NVIDIA GeForce RTX 2080 Ti' (P:1 D:1)
[2022.01.29-15.27.33:501][  0]LogWindows:    2. 'NVIDIA GeForce RTX 2080 Ti' (P:0 D:1)
[2022.01.29-15.27.33:501][  0]LogWindows:    3. 'NVIDIA GeForce RTX 2080 Ti' (P:0 D:0)
[2022.01.29-15.27.33:501][  0]LogWindows:    4. 'NVIDIA GeForce RTX 2080 Ti' (P:0 D:0)
[2022.01.29-15.27.33:501][  0]LogWindows: DebugString: GetVideoDriverDetailsInvalid PrimaryIsNotTheChoosenAdapter FoundDriverCount:4 
[2022.01.29-15.27.33:501][  0]LogD3D11RHI:     Adapter Name: NVIDIA GeForce RTX 2080 Ti
[2022.01.29-15.27.33:501][  0]LogD3D11RHI:   Driver Version: 511.23 (internal:30.0.15.1123, unified:511.23)
[2022.01.29-15.27.33:501][  0]LogD3D11RHI:      Driver Date: 1-10-2022
[2022.01.29-15.27.33:501][  0]LogRHI: Texture pool is 7734 MB (70% of 11049 MB)
[2022.01.29-15.27.33:501][  0]LogD3D11RHI: Creating D3DDevice using adapter:
[2022.01.29-15.27.33:501][  0]LogD3D11RHI:     Description : NVIDIA GeForce RTX 2080 Ti
[2022.01.29-15.27.33:501][  0]LogD3D11RHI:     VendorId    : 10de
[2022.01.29-15.27.33:501][  0]LogD3D11RHI:     DeviceId    : 1e07
[2022.01.29-15.27.33:501][  0]LogD3D11RHI:     SubSysId    : 150319da
[2022.01.29-15.27.33:501][  0]LogD3D11RHI:     Revision    : 00a1
[2022.01.29-15.27.33:501][  0]LogD3D11RHI:     DedicatedVideoMemory : 11585716224 bytes
[2022.01.29-15.27.33:501][  0]LogD3D11RHI:     DedicatedSystemMemory : 0 bytes
[2022.01.29-15.27.33:501][  0]LogD3D11RHI:     SharedSystemMemory : 17139875840 bytes
[2022.01.29-15.27.33:501][  0]LogD3D11RHI:     AdapterLuid : 0 53092
[2022.01.29-15.27.33:547][  0]LogD3D11RHI: RHI has support for 64 bit atomics
[2022.01.29-15.27.33:547][  0]LogD3D11RHI: Async texture creation enabled
[2022.01.29-15.27.33:547][  0]LogD3D11RHI: Array index from any shader is supported
[2022.01.29-15.27.33:562][  0]LogD3D11RHI: GPU Timing Frequency: 1000.000000 (Debug: 2 1)
[2022.01.29-15.27.33:586][  0]LogRHI: GeForceNow SDK initialized: 1
[2022.01.29-15.27.33:882][  0]LogTargetPlatformManager: Display: Loaded TargetPlatform 'WindowsNoEditor'
[2022.01.29-15.27.33:885][  0]LogTargetPlatformManager: Display: Loaded TargetPlatform 'Windows'
[2022.01.29-15.27.33:889][  0]LogTargetPlatformManager: Display: Loaded TargetPlatform 'WindowsClient'
[2022.01.29-15.27.33:893][  0]LogTargetPlatformManager: Display: Loaded TargetPlatform 'WindowsServer'
[2022.01.29-15.27.33:893][  0]LogTargetPlatformManager: Display: Building Assets For Windows
[2022.01.29-15.27.33:900][  0]LogAudioDebug: Display: Lib vorbis DLL was dynamically loaded.
[2022.01.29-15.27.33:926][  0]LogTextureFormatOodle: Display: Oodle Texture 2.9.0 init RDO Off
[2022.01.29-15.27.33:955][  0]LogRendererCore: Ray tracing is disabled. Reason: r.RayTracing=0.
[2022.01.29-15.27.33:955][  0]LogShaderCompilers: Guid format shader working directory is 6 characters bigger than the processId version (../../../../GGJ_2022/GodGloveExperiment/Intermediate/Shaders/WorkingDirectory/26408/).
[2022.01.29-15.27.33:955][  0]LogShaderCompilers: Cleaned the shader compiler working directory 'C:/Users/brand/AppData/Local/Temp/UnrealShaderWorkingDir/738DF58F4B9D789E046FFB91E20B5EBE/'.
[2022.01.29-15.27.33:955][  0]LogXGEController: Cannot use XGE Controller as Incredibuild is not installed on this machine.
[2022.01.29-15.27.33:955][  0]LogShaderCompilers: Cannot use XGE Shader Compiler as Incredibuild is not installed on this machine.
[2022.01.29-15.27.33:955][  0]LogShaderCompilers: Display: Using Local Shader Compiler.
[2022.01.29-15.27.34:576][  0]LogDerivedDataCache: Display: Max Cache Size: 512 MB
[2022.01.29-15.27.34:623][  0]LogDerivedDataCache: Loaded boot cache 0.05s 116MB C:/Users/brand/AppData/Local/UnrealEngine/4.27/DerivedDataCache/Boot.ddc.
[2022.01.29-15.27.34:623][  0]LogDerivedDataCache: Display: Loaded Boot cache: C:/Users/brand/AppData/Local/UnrealEngine/4.27/DerivedDataCache/Boot.ddc
[2022.01.29-15.27.34:623][  0]LogDerivedDataCache: FDerivedDataBackendGraph:  Pak pak cache file ../../../../GGJ_2022/GodGloveExperiment/DerivedDataCache/DDC.ddp not found, will not use a pak cache.
[2022.01.29-15.27.34:623][  0]LogDerivedDataCache: Unable to find inner node Pak for hierarchical cache Hierarchy.
[2022.01.29-15.27.34:623][  0]LogDerivedDataCache: FDerivedDataBackendGraph:  CompressedPak pak cache file ../../../../GGJ_2022/GodGloveExperiment/DerivedDataCache/Compressed.ddp not found, will not use a pak cache.
[2022.01.29-15.27.34:623][  0]LogDerivedDataCache: Unable to find inner node CompressedPak for hierarchical cache Hierarchy.
[2022.01.29-15.27.34:639][  0]LogDerivedDataCache: Display: Pak cache opened for reading ../../../Engine/DerivedDataCache/Compressed.ddp.
[2022.01.29-15.27.34:639][  0]LogDerivedDataCache: FDerivedDataBackendGraph:  EnterprisePak pak cache file ../../../Enterprise/DerivedDataCache/Compressed.ddp not found, will not use a pak cache.
[2022.01.29-15.27.34:639][  0]LogDerivedDataCache: Unable to find inner node EnterprisePak for hierarchical cache Hierarchy.
[2022.01.29-15.27.34:645][  0]LogDerivedDataCache: Speed tests for C:/Users/brand/AppData/Local/UnrealEngine/Common/DerivedDataCache took 0.01 seconds
[2022.01.29-15.27.34:645][  0]LogDerivedDataCache: Display: Performance to C:/Users/brand/AppData/Local/UnrealEngine/Common/DerivedDataCache: Latency=0.02ms. RandomReadSpeed=1993.75MBs, RandomWriteSpeed=207.67MBs. Assigned SpeedClass 'Local'
[2022.01.29-15.27.34:645][  0]LogDerivedDataCache: Using Local data cache path C:/Users/brand/AppData/Local/UnrealEngine/Common/DerivedDataCache: Writable
[2022.01.29-15.27.34:645][  0]LogDerivedDataCache: Shared data cache path not found in *engine.ini, will not use an Shared cache.
[2022.01.29-15.27.34:645][  0]LogDerivedDataCache: Unable to find inner node Shared for hierarchical cache Hierarchy.
[2022.01.29-15.27.34:677][  0]LogSlate: Using FreeType 2.10.0
[2022.01.29-15.27.34:677][  0]LogSlate: SlateFontServices - WITH_FREETYPE: 1, WITH_HARFBUZZ: 1
[2022.01.29-15.27.34:740][  0]LogInit: Using OS detected language (en-US).
[2022.01.29-15.27.34:740][  0]LogInit: Using OS detected locale (en-US).
[2022.01.29-15.27.34:740][  0]LogTextLocalizationManager: No localization for 'en-US' exists, so 'en' will be used for the language.
[2022.01.29-15.27.34:740][  0]LogTextLocalizationManager: No localization for 'en-US' exists, so 'en' will be used for the locale.
[2022.01.29-15.27.34:740][  0]LogSlate: FontCache flush requested. Reason: Culture for localization was changed
[2022.01.29-15.27.34:740][  0]LogSlate: FontCache flush requested. Reason: Culture for localization was changed
[2022.01.29-15.27.34:744][  0]LogTextLocalizationManager: Compacting localization data took   0.00ms
[2022.01.29-15.27.34:744][  0]LogAssetRegistry: FAssetRegistry took 0.0015 seconds to start up
[2022.01.29-15.27.34:878][  0]LogPackageLocalizationCache: Processed 27 localized package path(s) for 1 prioritized culture(s) in 0.000916 seconds
[2022.01.29-15.27.34:937][  0]LogInit: Selected Device Profile: [Windows]
[2022.01.29-15.27.34:937][  0]LogInit: Active device profile: [000002207E571F00][000002207566C480 49] Windows
[2022.01.29-15.27.34:937][  0]LogInit: Profiles: [000002207E571F00][000002207566C480 49] Windows, [000002207E51DD00][0000022075674600 49] WindowsNoEditor, [000002207E572100][0000022075A04780 49] WindowsServer, [000002207E51E200][0000022075A08900 49] WindowsClient, [000002207E572700][0000022075A0CA80 49] IOS, [000002207E51E800][0000022075A10C00 49] iPadAir, [000002207E572C00][0000022075A14D80 49] iPadAir2, [000002207E4D2200][0000022075A1D040 49] IPadPro, [000002207E4D2300][0000022075A19080 49] iPadAir3, [000002207E571600][0000022075A21200 49] iPadAir4, [000002207E4D3E00][0000022075671340 49] iPadMini2, [000002207E573A00][0000022075A25480 49] iPadMini3, [000002207E4D1200][0000022075A295C0 49] iPadMini4, [000002207E570A00][0000022075A2D700 49] iPadMini5, [000002207E4D5500][0000022075A399C0 49] iPhone6, [000002207E4D5600][0000022075A35A00 49] iPodTouch6, [000002207E51EE00][0000022075A40140 49] iPhone7, [000002207E51EF00][0000022075A3C180 49] iPodTouch7, [000002207E4D7200][0000022075A44300 49] iPhone5S, [000002207E51C500][0000022075A48480 49] iPhone6Plus, [000002207E4D4D00][0000022075A4C600 49] iPhone6S, [000002207E51DB00][0000022076862780 49] iPhone6SPlus, [000002207E4D6D00][0000022076866900 49] iPhone7Plus, [000002207E51D000][000002207686AA80 49] iPhoneSE, [000002207E4D7700][000002207686EC00 49] iPhone8, [000002207E51E000][0000022076872D80 49] iPhone8Plus, [000002207E4D6600][0000022076876F00 49] iPhoneX, [000002207E51C400][000002207687B080 49] iPhoneXS, [000002207E4D7600][000002207687F200 49] iPhoneXSMax, [000002207E51E100][0000022076883380 49] iPhoneXR, [000002207E4D7A00][0000022075A314C0 49] iPhone11, [000002207E51C900][0000022076887600 49] iPhone11Pro, [000002207E4D5A00][000002207688B740 49] iPhone11ProMax, [000002207E51FF00][000002207688F880 49] iPhoneSE2, [000002207E4D6C00][0000022076897A00 49] iPhone12Mini, [000002207E51C200][000002207689BB80 49] iPhone12, [000002207E4D7800][000002207689E180 49] iPhone12Pro, [000002207E51C800][00000220768A2300 49] iPhone12ProMax, [000002207E4D4100][00000220768A6480 49] iPadPro105, [000002207E51D400][00000220768AA600 49] iPadPro129, [000002207E4D6F00][00000220768AE780 49] iPadPro97, [000002207E51F200][00000220768B2900 49] iPadPro2_129, [000002207E4D2500][00000220768B6A80 49] iPad5, [000002207E5B8200][00000220768BAC00 49] iPad6, [000002207E4D0400][0000022076302D80 49] iPad7, [000002207E51E600][0000022076306F00 49] iPad8, [000002207E4D3900][000002207630B080 49] iPadPro11, [000002207E51DF00][000002207630F200 49] iPadPro2_11, [000002207E4D3300][0000022076313380 49] iPadPro3_129, [000002207E51D800][0000022076317500 49] iPadPro4_129, [000002207E4D0600][000002207631B680 49] AppleTV, [000002207E51F800][00000220768937C0 49] AppleTV4K, [000002207E4D2A00][000002207631F900 49] TVOS, [000002207E51FC00][0000022076323A40 49] Mac, [000002207E4D3100][000002207632BBC0 49] MacClient, [000002207E51F400][000002207632E1C0 49] MacNoEditor, [000002207E4D1D00][0000022076332340 49] MacServer, [000002207E51F500][00000220763364C0 49] Linux, [000002207E4D0A00][000002207633A640 49] LinuxAArch64, [000002207E51EB00][000002207633E7C0 49] LinuxNoEditor, [000002207E4D0C00][0000022076342940 49] LinuxAArch64NoEditor, [000002207E51DE00][0000022076346AC0 49] LinuxClient, [000002207E4D2800][000002207634AC40 49] LinuxAArch64Client, [000002207E51FD00][000002207634EDC0 49] LinuxServer, [000002207E4D3F00][0000022076352F40 49] LinuxAArch64Server, [000002207E51D500][00000220763570C0 49] Android, [000002207E4D1400][000002207635B240 49] Android_Low, [000002207E51E300][000002207635F3C0 49] Android_Mid, [000002207E4D3400][0000022076363540 49] Android_High, [000002207E51F600][00000220763676C0 49] Android_Default, [000002207E4D1300][000002207636B840 49] Android_Adreno4xx, [000002207E51F700][0000022076327980 49] Android_Adreno5xx_Low, [000002207E4D2F00][000002207636FAC0 49] Android_Adreno5xx, [000002207E51F300][0000022076373C00 49] Android_Adreno6xx, [000002207E4D0700][00000220763761C0 49] Android_Adreno6xx_Vulkan, [000002207E51C600][000002207637E340 49] Android_Mali_T6xx, [000002207E4D1B00][00000220763824C0 49] Android_Mali_T7xx, [000002207E51EC00][0000022076386640 49] Android_Mali_T8xx, [000002207E4D1900][000002207638A7C0 49] Android_Mali_G71, [000002207E51F000][000002207638E940 49] Android_Mali_G72, [000002207E570400][0000022076392AC0 49] Android_Mali_G72_Vulkan, [000002207E4D4B00][0000022076396C40 49] Android_Mali_G76, [000002207E573C00][000002207639ADC0 49] Android_Mali_G76_Vulkan, [000002207E4D7D00][000002207639EF40 49] Android_Mali_G77, [000002207E570800][00000220763A30C0 49] Android_Mali_G77_Vulkan, [000002207E4D5000][00000220763A7240 49] Android_Mali_G78, [000002207E570300][00000220763AB3C0 49] Android_Mali_G78_Vulkan, [000002207E4D5800][00000220763AF540 49] Android_Mali_G710, [000002207E570100][00000220763B36C0 49] Android_Mali_G710_Vulkan, [000002207E4D4800][00000220763B7840 49] Android_Vulkan_SM5, [000002207E570600][00000220763BB9C0 49] Android_PowerVR_G6xxx, [000002207E4D6A00][000002207637BB00 49] Android_PowerVR_GT7xxx, [000002207E571C00][00000220763BE0C0 49] Android_PowerVR_GE8xxx, [000002207E4D6100][00000220763C2200 49] Android_PowerVR_GM9xxx, [000002207E572900][00000220763C6340 49] Android_PowerVR_GM9xxx_Vulkan, [000002207E4D5C00][00000220763CE4C0 49] Android_TegraK1, [000002207E572300][00000220763D2640 49] Android_Unknown_Vulkan, [000002207E4D6900][00000220763D67C0 49] Lumin, [000002207E572B00][00000220763DA940 49] Lumin_Desktop, [000002207E4D5200][00000220763DEAC0 49] HoloLens, 
[2022.01.29-15.27.34:974][  0]LogMeshReduction: Using QuadricMeshReduction for automatic static mesh reduction
[2022.01.29-15.27.34:974][  0]LogMeshReduction: Using SimplygonMeshReduction for automatic skeletal mesh reduction
[2022.01.29-15.27.34:974][  0]LogMeshReduction: Using ProxyLODMeshReduction for automatic mesh merging
[2022.01.29-15.27.34:974][  0]LogMeshReduction: No distributed automatic mesh merging module available
[2022.01.29-15.27.34:974][  0]LogMeshMerging: No distributed automatic mesh merging module available
[2022.01.29-15.27.35:059][  0]LogNetVersion: GodGloveExperiment 1.0.0, NetCL: 17155196, EngineNetVer: 17, GameNetVer: 0 (Checksum: 3642402458)
[2022.01.29-15.27.35:259][  0]LogTexture: Default maximum texture size for cubemaps generated from long-lat sources has been changed from 512 to unlimited. In order to preserve old behaiour for '/Engine/MapTemplates/Sky/DaylightAmbientCubemap.DaylightAmbientCubemap', its maximum texture size has been explicitly set to 512.
[2022.01.29-15.27.35:311][  0]LogHMD: PokeAHoleMaterial loaded successfully
[2022.01.29-15.27.35:397][  0]LogMoviePlayer: Initializing movie player
[2022.01.29-15.27.35:495][  0]LogNiagaraDebuggerClient: Niagara Debugger Client Initialized | Session: 317F9B96472F2E95141FB398ABBA4B81 | Instance: 4574E8C542B3E2CE0AC8DC804B5EC95B (DESKTOP-26408).
[2022.01.29-15.27.35:514][  0]LogCollectionManager: Loaded 0 collections in 0.000648 seconds
[2022.01.29-15.27.35:517][  0]LogFileCache: Scanning file cache for directory 'D:/Applications/Development/GGJ_2022/GodGloveExperiment/Saved/Collections/' took 0.00s
[2022.01.29-15.27.35:517][  0]LogFileCache: Scanning file cache for directory 'D:/Applications/Development/GGJ_2022/GodGloveExperiment/Content/Developers/brand/Collections/' took 0.00s
[2022.01.29-15.27.35:517][  0]LogCollectionManager: Fixed up redirectors for 0 collections in 0.000002 seconds (updated 0 objects)
[2022.01.29-15.27.35:598][  0]LogFileCache: Scanning file cache for directory 'D:/Applications/Development/GGJ_2022/GodGloveExperiment/Content/Collections/' took 0.00s
[2022.01.29-15.27.35:598][  0]LogPython: Using Python 3.7.7
[2022.01.29-15.27.35:985][  0]LogTcpMessaging: Initializing TcpMessaging bridge
[2022.01.29-15.27.35:989][  0]LogUdpMessaging: Initializing bridge on interface 0.0.0.0:0 to multicast group 230.0.0.1:6666.
[2022.01.29-15.27.36:058][  0]SourceControl: Source control is disabled
[2022.01.29-15.27.36:058][  0]SourceControl: Source control is disabled
[2022.01.29-15.27.36:061][  0]SourceControl: Source control is disabled
[2022.01.29-15.27.36:066][  0]LogUProjectInfo: Found projects:
[2022.01.29-15.27.36:143][  0]LogOpenImageDenoise: OIDN starting up
[2022.01.29-15.27.36:160][  0]LogAndroidPermission: UAndroidPermissionCallbackProxy::GetInstance
[2022.01.29-15.27.36:177][  0]LogAudioCaptureCore: Display: No Audio Capture implementations found. Audio input will be silent.
[2022.01.29-15.27.36:177][  0]LogAudioCaptureCore: Display: No Audio Capture implementations found. Audio input will be silent.
[2022.01.29-15.27.36:239][  0]LogOcInput: OculusInput pre-init called
[2022.01.29-15.27.36:247][  0]LogUObjectArray: 22121 objects as part of root set at end of initial load.
[2022.01.29-15.27.36:247][  0]LogUObjectAllocator: 5975632 out of 0 bytes used by permanent object pool.
[2022.01.29-15.27.36:247][  0]LogUObjectArray: CloseDisregardForGC: 0/0 objects in disregard for GC pool
[2022.01.29-15.27.36:294][  0]LogEngine: Initializing Engine...
[2022.01.29-15.27.36:297][  0]LogHMD: Failed to enumerate extensions. Please check that you have a valid OpenXR runtime installed.
[2022.01.29-15.27.36:297][  0]LogHMD: Failed to initialize OpenVR with code 110
[2022.01.29-15.27.36:297][  0]LogMagicLeap: Warning: VR disabled because ZI is not enabled.  To enable, in the editor, Edit -> Project Settings -> Plugins -> Magic Leap Plugin -> Enable Zero Iteration
[2022.01.29-15.27.36:299][  0]LogStats: UGameplayTagsManager::InitializeManager -  0.000 s
[2022.01.29-15.27.36:382][  0]LogInit: Initializing FReadOnlyCVARCache
[2022.01.29-15.27.36:382][  0]LogAudio: Display: Initializing Audio Device Manager...
[2022.01.29-15.27.36:386][  0]LogAudio: Display: Loading Default Audio Settings Objects...
[2022.01.29-15.27.36:386][  0]LogAudio: Display: No default SoundConcurrencyObject specified (or failed to load).
[2022.01.29-15.27.36:386][  0]LogAudio: Display: Audio Device Manager Initialized
[2022.01.29-15.27.36:387][  0]LogAudio: Display: Creating Audio Device:                 Id: 1, Scope: Shared, Realtime: True
[2022.01.29-15.27.36:387][  0]LogAudioMixer: Display: Audio Mixer Platform Settings:
[2022.01.29-15.27.36:387][  0]LogAudioMixer: Display: 	Sample Rate:						  48000
[2022.01.29-15.27.36:387][  0]LogAudioMixer: Display: 	Callback Buffer Frame Size Requested: 1024
[2022.01.29-15.27.36:387][  0]LogAudioMixer: Display: 	Callback Buffer Frame Size To Use:	  1024
[2022.01.29-15.27.36:387][  0]LogAudioMixer: Display: 	Number of buffers to queue:			  2
[2022.01.29-15.27.36:387][  0]LogAudioMixer: Display: 	Max Channels (voices):				  32
[2022.01.29-15.27.36:387][  0]LogAudioMixer: Display: 	Number of Async Source Workers:		  0
[2022.01.29-15.27.36:387][  0]LogAudio: Display: AudioDevice MaxSources: 32
[2022.01.29-15.27.36:387][  0]LogAudio: Display: Audio Spatialization Plugin: None (built-in).
[2022.01.29-15.27.36:387][  0]LogAudio: Display: Audio Reverb Plugin: None (built-in).
[2022.01.29-15.27.36:387][  0]LogAudio: Display: Audio Occlusion Plugin: None (built-in).
[2022.01.29-15.27.36:387][  0]LogAudioMixer: Display: Initializing audio mixer.
[2022.01.29-15.27.36:396][  0]LogAudioMixer: Display: Using Audio Device Unknown
[2022.01.29-15.27.36:402][  0]LogAudioMixer: Display: Initializing Sound Submixes...
[2022.01.29-15.27.36:404][  0]LogAudioMixer: Display: Creating Master Submix 'MasterSubmixDefault'
[2022.01.29-15.27.36:404][  0]LogAudioMixer: Display: Creating Master Submix 'MasterReverbSubmixDefault'
[2022.01.29-15.27.36:405][  0]LogAudioMixer: Display: Creating Master Submix 'MasterEQSubmixDefault'
[2022.01.29-15.27.36:405][  0]LogAudioMixer: FMixerPlatformXAudio2::StartAudioStream() called
[2022.01.29-15.27.36:405][  0]LogAudioMixer: Display: Output buffers initialized: Frames=1024, Channels=2, Samples=2048
[2022.01.29-15.27.36:406][  0]LogAudioMixer: Display: Starting AudioMixerPlatformInterface::RunInternal()
[2022.01.29-15.27.36:406][  0]LogAudioMixer: Display: StartRunningNullDevice() called
[2022.01.29-15.27.36:406][  0]LogInit: FAudioDevice initialized.
[2022.01.29-15.27.36:407][  0]LogNetVersion: Set ProjectVersion to 1.0.0.0. Version Checksum will be recalculated on next use.
[2022.01.29-15.27.36:410][  0]LogInit: Texture streaming: Enabled
[2022.01.29-15.27.36:464][  0]LogAudio: Display: Audio Device (ID: 1) registered with world 'Untitled'.
[2022.01.29-15.27.36:464][  0]LogSlate: Updating window title bar state: overlay mode, drag disabled, window buttons hidden, title bar hidden
[2022.01.29-15.27.36:465][  0]LogInit: Display: Game Engine Initialized.
[2022.01.29-15.27.36:465][  0]LogNiagaraEditor: GEditor isn't valid! Particle reset commands will not work for Niagara components!
[2022.01.29-15.27.36:558][  0]LogInit: Display: Starting Game.
[2022.01.29-15.27.36:558][  0]LogNet: Browse: /Game/_Main/Level/Demonstration?Name=Player
[2022.01.29-15.27.36:558][  0]LogLoad: LoadMap: /Game/_Main/Level/Demonstration?Name=Player
[2022.01.29-15.27.36:558][  0]LogWorld: BeginTearingDown for /Temp/Untitled_0
[2022.01.29-15.27.36:559][  0]LogWorld: UWorld::CleanupWorld for Untitled, bSessionEnded=true, bCleanupResources=true
[2022.01.29-15.27.36:559][  0]LogSlate: InvalidateAllWidgets triggered.  All widgets were invalidated
[2022.01.29-15.27.36:599][  0]LogAudio: Display: Waited 39.303699 ms for audio thread.
[2022.01.29-15.27.36:609][  0]LogAudio: Display: Audio Device unregistered from world 'None'.
[2022.01.29-15.27.36:611][  0]LogUObjectHash: Compacting FUObjectHashTables data took   0.73ms
[2022.01.29-15.27.36:701][  0]LogBlueprint: Warning: [AssetLog] D:\Applications\Development\GGJ_2022\GodGloveExperiment\Content\PP801_P3\Blueprints\Combines\BP_Combine_Master1.uasset: [Compiler] InputAction Event references unknown Action 'Jump' for  InputAction Jump
[2022.01.29-15.27.36:701][  0]LogBlueprint: Warning: [AssetLog] D:\Applications\Development\GGJ_2022\GodGloveExperiment\Content\PP801_P3\Blueprints\Combines\BP_Combine_Master1.uasset: [Compiler] InputAction Event references unknown Action 'ResetVR' for  InputAction ResetVR
[2022.01.29-15.27.36:701][  0]LogBlueprint: Warning: [AssetLog] D:\Applications\Development\GGJ_2022\GodGloveExperiment\Content\PP801_P3\Blueprints\Combines\BP_Combine_Master1.uasset: [Compiler] Input Axis Event references unknown Axis 'LookUpRate' for  InputAxis LookUpRate
[2022.01.29-15.27.36:701][  0]LogBlueprint: Warning: [AssetLog] D:\Applications\Development\GGJ_2022\GodGloveExperiment\Content\PP801_P3\Blueprints\Combines\BP_Combine_Master1.uasset: [Compiler] Input Axis Event references unknown Axis 'TurnRate' for  InputAxis TurnRate
[2022.01.29-15.27.36:702][  0]LogBlueprint: Warning: [AssetLog] D:\Applications\Development\GGJ_2022\GodGloveExperiment\Content\PP801_P3\Blueprints\Combines\BP_Combine_Master1.uasset: [Compiler] Input Axis Event references unknown Axis 'LookUp' for  InputAxis LookUp
[2022.01.29-15.27.36:702][  0]LogBlueprint: Warning: [AssetLog] D:\Applications\Development\GGJ_2022\GodGloveExperiment\Content\PP801_P3\Blueprints\Combines\BP_Combine_Master1.uasset: [Compiler] Input Axis Event references unknown Axis 'Turn' for  InputAxis Turn
[2022.01.29-15.27.36:702][  0]LogBlueprint: Warning: [AssetLog] D:\Applications\Development\GGJ_2022\GodGloveExperiment\Content\PP801_P3\Blueprints\Combines\BP_Combine_Master1.uasset: [Compiler] Input Axis Event references unknown Axis 'MoveForward' for  InputAxis MoveForward
[2022.01.29-15.27.36:702][  0]LogBlueprint: Warning: [AssetLog] D:\Applications\Development\GGJ_2022\GodGloveExperiment\Content\PP801_P3\Blueprints\Combines\BP_Combine_Master1.uasset: [Compiler] Input Axis Event references unknown Axis 'MoveRight' for  InputAxis MoveRight
[2022.01.29-15.27.36:706][  0]LogBlueprint: Warning: [AssetLog] D:\Applications\Development\GGJ_2022\GodGloveExperiment\Content\Female_Heroine_01\Blueprints\Female_Heroine_01_Character_BP.uasset: [Compiler] InputAction Event references unknown Action 'Attack' for  InputAction Attack
[2022.01.29-15.27.36:706][  0]LogBlueprint: Warning: [AssetLog] D:\Applications\Development\GGJ_2022\GodGloveExperiment\Content\Female_Heroine_01\Blueprints\Female_Heroine_01_Character_BP.uasset: [Compiler] InputAction Event references unknown Action 'Walk' for  InputAction Walk
[2022.01.29-15.27.36:706][  0]LogBlueprint: Warning: [AssetLog] D:\Applications\Development\GGJ_2022\GodGloveExperiment\Content\Female_Heroine_01\Blueprints\Female_Heroine_01_Character_BP.uasset: [Compiler] InputAction Event references unknown Action 'Jump' for  InputAction Jump
[2022.01.29-15.27.36:706][  0]LogBlueprint: Warning: [AssetLog] D:\Applications\Development\GGJ_2022\GodGloveExperiment\Content\Female_Heroine_01\Blueprints\Female_Heroine_01_Character_BP.uasset: [Compiler] Input Axis Event references unknown Axis 'LookUp' for  InputAxis LookUp
[2022.01.29-15.27.36:706][  0]LogBlueprint: Warning: [AssetLog] D:\Applications\Development\GGJ_2022\GodGloveExperiment\Content\Female_Heroine_01\Blueprints\Female_Heroine_01_Character_BP.uasset: [Compiler] Input Axis Event references unknown Axis 'Turn' for  InputAxis Turn
[2022.01.29-15.27.36:706][  0]LogBlueprint: Warning: [AssetLog] D:\Applications\Development\GGJ_2022\GodGloveExperiment\Content\Female_Heroine_01\Blueprints\Female_Heroine_01_Character_BP.uasset: [Compiler] Input Axis Event references unknown Axis 'MoveForward' for  InputAxis MoveForward
[2022.01.29-15.27.36:706][  0]LogBlueprint: Warning: [AssetLog] D:\Applications\Development\GGJ_2022\GodGloveExperiment\Content\Female_Heroine_01\Blueprints\Female_Heroine_01_Character_BP.uasset: [Compiler] Input Axis Event references unknown Axis 'MoveRight' for  InputAxis MoveRight
[2022.01.29-15.27.36:707][  0]LogBlueprint: Warning: [AssetLog] D:\Applications\Development\GGJ_2022\GodGloveExperiment\Content\Female_Heroine_01\Blueprints\Female_Heroine_01_Character_BP.uasset: [Compiler] InputAction Event references unknown Action 'ResetVR' for  InputAction ResetVR
[2022.01.29-15.27.36:707][  0]LogBlueprint: Warning: [AssetLog] D:\Applications\Development\GGJ_2022\GodGloveExperiment\Content\Female_Heroine_01\Blueprints\Female_Heroine_01_Character_BP.uasset: [Compiler] Input Axis Event references unknown Axis 'LookUpRate' for  InputAxis LookUpRate
[2022.01.29-15.27.36:707][  0]LogBlueprint: Warning: [AssetLog] D:\Applications\Development\GGJ_2022\GodGloveExperiment\Content\Female_Heroine_01\Blueprints\Female_Heroine_01_Character_BP.uasset: [Compiler] Input Axis Event references unknown Axis 'TurnRate' for  InputAxis TurnRate
[2022.01.29-15.27.37:022][  0]LogTexture: Default maximum texture size for cubemaps generated from long-lat sources has been changed from 512 to unlimited. In order to preserve old behaiour for '/Game/PP801_P3/Textures/HDRI/TC_EpicQuadPanorama_Calibrated.TC_EpicQuadPanorama_Calibrated', its maximum texture size has been explicitly set to 512.
[2022.01.29-15.27.37:116][  0]LogSkeletalMesh: Display: [AssetLog] D:\Applications\Development\GGJ_2022\GodGloveExperiment\Content\Female_Heroine_01\Character\Mesh\Female_Heroine_01_SM.uasset: Find and fix some bad tangent! please re-import this skeletal mesh asset to fix the issue. The shading of the skeletal mesh will be bad and faceted.
[2022.01.29-15.27.37:162][  0]LogAudio: Display: Audio Device (ID: 1) registered with world 'Demonstration'.
[2022.01.29-15.27.37:169][  0]LogAIModule: Creating AISystem for world Demonstration
[2022.01.29-15.27.37:169][  0]LogLoad: Game class is 'GameModeBase'
[2022.01.29-15.27.37:216][  0]LogWorld: Bringing World /Game/_Main/Level/Demonstration.Demonstration up for play (max tick rate 0) at 2022.01.29-10.27.37
[2022.01.29-15.27.37:216][  0]LogWorld: Bringing up level for play took: 0.046694
[2022.01.29-15.27.37:217][  0]LogGameMode: FindPlayerStart: PATHS NOT DEFINED or NO PLAYERSTART with positive rating
[2022.01.29-15.27.37:218][  0]LogLoad: Took 0.658946 seconds to LoadMap(/Game/_Main/Level/Demonstration)
[2022.01.29-15.27.37:259][  0]LogSlate: Took 0.000195 seconds to synchronously load lazily loaded font '../../../Engine/Content/Slate/Fonts/Roboto-Regular.ttf' (155K)
[2022.01.29-15.27.37:287][  0]LogRenderer: Reallocating scene render targets to support 1280x720 Format 10 NumSamples 1 (Frame:1).
[2022.01.29-15.27.37:287][  0]LogInit: Display: Engine is initialized. Leaving FEngineLoop::Init()
[2022.01.29-15.27.37:287][  0]LogLoad: (Engine Initialization) Total time: 5.28 seconds
[2022.01.29-15.27.37:287][  0]LogLoad: (Engine Initialization) Total Blueprint compile time: 0.00 seconds
[2022.01.29-15.27.37:290][  0]LogContentStreaming: Texture pool size now 1000 MB
[2022.01.29-15.27.37:293][  0]LogSlate: InvalidateAllWidgets triggered.  All widgets were invalidated
[2022.01.29-15.27.37:349][  1]LogSlate: Took 0.000254 seconds to synchronously load lazily loaded font '../../../Engine/Content/Slate/Fonts/Roboto-Regular.ttf' (155K)
[2022.01.29-15.27.51:722][ 88]LogRenderer: Reallocating scene render targets to support 1920x1012 Format 10 NumSamples 1 (Frame:5090).
